[ 2019-08-26T17:45:14+08:00 ] 127.0.0.1 /Backstage
INFO: [ app_init ] --START--
INFO: Run Behavior\BuildLiteBehavior [ RunTime:0.000000s ]
INFO: [ app_init ] --END-- [ RunTime:0.002000s ]
INFO: [ app_begin ] --START--
INFO: Run Behavior\ReadHtmlCacheBehavior [ RunTime:0.002000s ]
INFO: [ app_begin ] --END-- [ RunTime:0.003000s ]
INFO: [ view_parse ] --START--
INFO: [ template_filter ] --START--
INFO: Run Behavior\ContentReplaceBehavior [ RunTime:0.000000s ]
INFO: [ template_filter ] --END-- [ RunTime:0.001000s ]
INFO: Run Behavior\ParseTemplateBehavior [ RunTime:0.026000s ]
INFO: [ view_parse ] --END-- [ RunTime:0.026000s ]
INFO: [ view_filter ] --START--
INFO: Run Behavior\WriteHtmlCacheBehavior [ RunTime:0.002000s ]
INFO: [ view_filter ] --END-- [ RunTime:0.002000s ]
INFO: [ app_end ] --START--
INFO: Run Behavior\ShowPageTraceBehavior [ RunTime:0.002000s ]
INFO: [ app_end ] --END-- [ RunTime:0.003000s ]

[ 2019-08-26T17:45:14+08:00 ] 127.0.0.1 /Backstage/Index/menu.html
INFO: [ app_init ] --START--
INFO: Run Behavior\BuildLiteBehavior [ RunTime:0.000000s ]
INFO: [ app_init ] --END-- [ RunTime:0.002000s ]
INFO: [ app_begin ] --START--
INFO: Run Behavior\ReadHtmlCacheBehavior [ RunTime:0.003000s ]
INFO: [ app_begin ] --END-- [ RunTime:0.004000s ]
INFO: [ view_parse ] --START--
INFO: [ template_filter ] --START--
INFO: Run Behavior\ContentReplaceBehavior [ RunTime:0.000500s ]
INFO: [ template_filter ] --END-- [ RunTime:0.001500s ]
NOTIC: [8] Undefined variable: menu F:\code\myGitCodes\ebuy\Application\Runtime\Cache\Backstage\a6d22727453c3c38d75b435e3febfc49.php 第 67 行.
NOTIC: [8] Undefined variable: menu F:\code\myGitCodes\ebuy\Application\Runtime\Cache\Backstage\a6d22727453c3c38d75b435e3febfc49.php 第 67 行.
NOTIC: [8] Undefined variable: k F:\code\myGitCodes\ebuy\Application\Runtime\Cache\Backstage\a6d22727453c3c38d75b435e3febfc49.php 第 69 行.
NOTIC: [8] Undefined variable: menu F:\code\myGitCodes\ebuy\Application\Runtime\Cache\Backstage\a6d22727453c3c38d75b435e3febfc49.php 第 69 行.
NOTIC: [8] Undefined variable: menu F:\code\myGitCodes\ebuy\Application\Runtime\Cache\Backstage\a6d22727453c3c38d75b435e3febfc49.php 第 69 行.
NOTIC: [8] Undefined variable: menu F:\code\myGitCodes\ebuy\Application\Runtime\Cache\Backstage\a6d22727453c3c38d75b435e3febfc49.php 第 69 行.
NOTIC: [8] Undefined variable: menu F:\code\myGitCodes\ebuy\Application\Runtime\Cache\Backstage\a6d22727453c3c38d75b435e3febfc49.php 第 70 行.
NOTIC: [8] Undefined variable: menu F:\code\myGitCodes\ebuy\Application\Runtime\Cache\Backstage\a6d22727453c3c38d75b435e3febfc49.php 第 73 行.
NOTIC: [8] Undefined variable: key F:\code\myGitCodes\ebuy\Application\Runtime\Cache\Backstage\a6d22727453c3c38d75b435e3febfc49.php 第 76 行.
NOTIC: [8] Undefined variable: child F:\code\myGitCodes\ebuy\Application\Runtime\Cache\Backstage\a6d22727453c3c38d75b435e3febfc49.php 第 76 行.
NOTIC: [8] Undefined variable: child F:\code\myGitCodes\ebuy\Application\Runtime\Cache\Backstage\a6d22727453c3c38d75b435e3febfc49.php 第 76 行.
INFO: Run Behavior\ParseTemplateBehavior [ RunTime:0.058000s ]
INFO: [ view_parse ] --END-- [ RunTime:0.059500s ]
INFO: [ view_filter ] --START--
INFO: Run Behavior\WriteHtmlCacheBehavior [ RunTime:0.002000s ]
INFO: [ view_filter ] --END-- [ RunTime:0.002000s ]
INFO: [ app_end ] --START--
INFO: Run Behavior\ShowPageTraceBehavior [ RunTime:0.002000s ]
INFO: [ app_end ] --END-- [ RunTime:0.003000s ]

[ 2019-08-26T17:45:14+08:00 ] 127.0.0.1 /Backstage/Index/main.html
INFO: [ app_init ] --START--
INFO: Run Behavior\BuildLiteBehavior [ RunTime:0.000000s ]
INFO: [ app_init ] --END-- [ RunTime:0.004000s ]
INFO: [ app_begin ] --START--
INFO: Run Behavior\ReadHtmlCacheBehavior [ RunTime:0.003000s ]
INFO: [ app_begin ] --END-- [ RunTime:0.003500s ]
INFO: [ view_parse ] --START--
INFO: [ template_filter ] --START--
INFO: Run Behavior\ContentReplaceBehavior [ RunTime:0.000500s ]
INFO: [ template_filter ] --END-- [ RunTime:0.001000s ]
INFO: Run Behavior\ParseTemplateBehavior [ RunTime:0.037000s ]
INFO: [ view_parse ] --END-- [ RunTime:0.038500s ]
INFO: [ view_filter ] --START--
INFO: Run Behavior\WriteHtmlCacheBehavior [ RunTime:0.001000s ]
INFO: [ view_filter ] --END-- [ RunTime:0.002000s ]
INFO: [ app_end ] --START--
INFO: Run Behavior\ShowPageTraceBehavior [ RunTime:0.004500s ]
INFO: [ app_end ] --END-- [ RunTime:0.006000s ]

[ 2019-08-26T17:45:14+08:00 ] 127.0.0.1 /Backstage/Index/top.html
INFO: [ app_init ] --START--
INFO: Run Behavior\BuildLiteBehavior [ RunTime:0.000000s ]
INFO: [ app_init ] --END-- [ RunTime:0.001500s ]
INFO: [ app_begin ] --START--
INFO: Run Behavior\ReadHtmlCacheBehavior [ RunTime:0.002000s ]
INFO: [ app_begin ] --END-- [ RunTime:0.004000s ]
INFO: [ view_parse ] --START--
INFO: [ template_filter ] --START--
INFO: Run Behavior\ContentReplaceBehavior [ RunTime:0.000000s ]
INFO: [ template_filter ] --END-- [ RunTime:0.001000s ]
INFO: Run Behavior\ParseTemplateBehavior [ RunTime:0.053000s ]
INFO: [ view_parse ] --END-- [ RunTime:0.053500s ]
INFO: [ view_filter ] --START--
INFO: Run Behavior\WriteHtmlCacheBehavior [ RunTime:0.001500s ]
INFO: [ view_filter ] --END-- [ RunTime:0.002500s ]
INFO: [ app_end ] --START--
INFO: Run Behavior\ShowPageTraceBehavior [ RunTime:0.002500s ]
INFO: [ app_end ] --END-- [ RunTime:0.003500s ]

[ 2019-08-26T17:53:49+08:00 ] 127.0.0.1 /Backstage/index
INFO: [ app_init ] --START--
INFO: Run Behavior\BuildLiteBehavior [ RunTime:0.000000s ]
INFO: [ app_init ] --END-- [ RunTime:0.001000s ]
INFO: [ app_begin ] --START--
INFO: Run Behavior\ReadHtmlCacheBehavior [ RunTime:0.002000s ]
INFO: [ app_begin ] --END-- [ RunTime:0.002000s ]
INFO: [ view_parse ] --START--
INFO: [ template_filter ] --START--
INFO: Run Behavior\ContentReplaceBehavior [ RunTime:0.000000s ]
INFO: [ template_filter ] --END-- [ RunTime:0.001000s ]
INFO: Run Behavior\ParseTemplateBehavior [ RunTime:0.020000s ]
INFO: [ view_parse ] --END-- [ RunTime:0.022000s ]
INFO: [ view_filter ] --START--
INFO: Run Behavior\WriteHtmlCacheBehavior [ RunTime:0.002000s ]
INFO: [ view_filter ] --END-- [ RunTime:0.002000s ]
INFO: [ app_end ] --START--
INFO: Run Behavior\ShowPageTraceBehavior [ RunTime:0.002000s ]
INFO: [ app_end ] --END-- [ RunTime:0.002000s ]

[ 2019-08-26T17:53:49+08:00 ] 127.0.0.1 /Backstage/Index/menu.html
INFO: [ app_init ] --START--
INFO: Run Behavior\BuildLiteBehavior [ RunTime:0.000000s ]
INFO: [ app_init ] --END-- [ RunTime:0.002000s ]
INFO: [ app_begin ] --START--
INFO: Run Behavior\ReadHtmlCacheBehavior [ RunTime:0.002000s ]
INFO: [ app_begin ] --END-- [ RunTime:0.003000s ]
INFO: [ view_parse ] --START--
INFO: [ template_filter ] --START--
INFO: Run Behavior\ContentReplaceBehavior [ RunTime:0.001000s ]
INFO: [ template_filter ] --END-- [ RunTime:0.001000s ]
NOTIC: [8] Undefined variable: menu F:\code\myGitCodes\ebuy\Application\Runtime\Cache\Backstage\a6d22727453c3c38d75b435e3febfc49.php 第 67 行.
NOTIC: [8] Undefined variable: menu F:\code\myGitCodes\ebuy\Application\Runtime\Cache\Backstage\a6d22727453c3c38d75b435e3febfc49.php 第 67 行.
NOTIC: [8] Undefined variable: k F:\code\myGitCodes\ebuy\Application\Runtime\Cache\Backstage\a6d22727453c3c38d75b435e3febfc49.php 第 69 行.
NOTIC: [8] Undefined variable: menu F:\code\myGitCodes\ebuy\Application\Runtime\Cache\Backstage\a6d22727453c3c38d75b435e3febfc49.php 第 69 行.
NOTIC: [8] Undefined variable: menu F:\code\myGitCodes\ebuy\Application\Runtime\Cache\Backstage\a6d22727453c3c38d75b435e3febfc49.php 第 69 行.
NOTIC: [8] Undefined variable: menu F:\code\myGitCodes\ebuy\Application\Runtime\Cache\Backstage\a6d22727453c3c38d75b435e3febfc49.php 第 69 行.
NOTIC: [8] Undefined variable: menu F:\code\myGitCodes\ebuy\Application\Runtime\Cache\Backstage\a6d22727453c3c38d75b435e3febfc49.php 第 70 行.
NOTIC: [8] Undefined variable: menu F:\code\myGitCodes\ebuy\Application\Runtime\Cache\Backstage\a6d22727453c3c38d75b435e3febfc49.php 第 73 行.
NOTIC: [8] Undefined variable: key F:\code\myGitCodes\ebuy\Application\Runtime\Cache\Backstage\a6d22727453c3c38d75b435e3febfc49.php 第 76 行.
NOTIC: [8] Undefined variable: child F:\code\myGitCodes\ebuy\Application\Runtime\Cache\Backstage\a6d22727453c3c38d75b435e3febfc49.php 第 76 行.
NOTIC: [8] Undefined variable: child F:\code\myGitCodes\ebuy\Application\Runtime\Cache\Backstage\a6d22727453c3c38d75b435e3febfc49.php 第 76 行.
INFO: Run Behavior\ParseTemplateBehavior [ RunTime:0.045000s ]
INFO: [ view_parse ] --END-- [ RunTime:0.045000s ]
INFO: [ view_filter ] --START--
INFO: Run Behavior\WriteHtmlCacheBehavior [ RunTime:0.001000s ]
INFO: [ view_filter ] --END-- [ RunTime:0.002000s ]
INFO: [ app_end ] --START--
INFO: Run Behavior\ShowPageTraceBehavior [ RunTime:0.002000s ]
INFO: [ app_end ] --END-- [ RunTime:0.002000s ]

[ 2019-08-26T17:53:49+08:00 ] 127.0.0.1 /Backstage/Index/top.html
INFO: [ app_init ] --START--
INFO: Run Behavior\BuildLiteBehavior [ RunTime:0.000500s ]
INFO: [ app_init ] --END-- [ RunTime:0.001500s ]
INFO: [ app_begin ] --START--
INFO: Run Behavior\ReadHtmlCacheBehavior [ RunTime:0.002000s ]
INFO: [ app_begin ] --END-- [ RunTime:0.003000s ]
INFO: [ view_parse ] --START--
INFO: [ template_filter ] --START--
INFO: Run Behavior\ContentReplaceBehavior [ RunTime:0.000000s ]
INFO: [ template_filter ] --END-- [ RunTime:0.000000s ]
INFO: Run Behavior\ParseTemplateBehavior [ RunTime:0.028000s ]
INFO: [ view_parse ] --END-- [ RunTime:0.030000s ]
INFO: [ view_filter ] --START--
INFO: Run Behavior\WriteHtmlCacheBehavior [ RunTime:0.001000s ]
INFO: [ view_filter ] --END-- [ RunTime:0.002000s ]
INFO: [ app_end ] --START--
INFO: Run Behavior\ShowPageTraceBehavior [ RunTime:0.001000s ]
INFO: [ app_end ] --END-- [ RunTime:0.002000s ]

[ 2019-08-26T17:53:49+08:00 ] 127.0.0.1 /Backstage/Index/main.html
INFO: [ app_init ] --START--
INFO: Run Behavior\BuildLiteBehavior [ RunTime:0.000000s ]
INFO: [ app_init ] --END-- [ RunTime:0.002000s ]
INFO: [ app_begin ] --START--
INFO: Run Behavior\ReadHtmlCacheBehavior [ RunTime:0.002000s ]
INFO: [ app_begin ] --END-- [ RunTime:0.004000s ]
INFO: [ view_parse ] --START--
INFO: [ template_filter ] --START--
INFO: Run Behavior\ContentReplaceBehavior [ RunTime:0.001000s ]
INFO: [ template_filter ] --END-- [ RunTime:0.001000s ]
INFO: Run Behavior\ParseTemplateBehavior [ RunTime:0.024000s ]
INFO: [ view_parse ] --END-- [ RunTime:0.025000s ]
INFO: [ view_filter ] --START--
INFO: Run Behavior\WriteHtmlCacheBehavior [ RunTime:0.002000s ]
INFO: [ view_filter ] --END-- [ RunTime:0.002000s ]
INFO: [ app_end ] --START--
INFO: Run Behavior\ShowPageTraceBehavior [ RunTime:0.002000s ]
INFO: [ app_end ] --END-- [ RunTime:0.002000s ]

[ 2019-08-26T17:56:32+08:00 ] 127.0.0.1 /Backstage/index
INFO: [ app_init ] --START--
INFO: Run Behavior\BuildLiteBehavior [ RunTime:0.001000s ]
INFO: [ app_init ] --END-- [ RunTime:0.002000s ]
INFO: [ app_begin ] --START--
INFO: Run Behavior\ReadHtmlCacheBehavior [ RunTime:0.002000s ]
INFO: [ app_begin ] --END-- [ RunTime:0.003000s ]

[ 2019-08-26T17:56:49+08:00 ] 127.0.0.1 /Backstage/Index
INFO: [ app_init ] --START--
INFO: Run Behavior\BuildLiteBehavior [ RunTime:0.000000s ]
INFO: [ app_init ] --END-- [ RunTime:0.001000s ]
INFO: [ app_begin ] --START--
INFO: Run Behavior\ReadHtmlCacheBehavior [ RunTime:0.002000s ]
INFO: [ app_begin ] --END-- [ RunTime:0.002000s ]

[ 2019-08-26T17:57:14+08:00 ] 127.0.0.1 /Backstage/Index
INFO: [ app_init ] --START--
INFO: Run Behavior\BuildLiteBehavior [ RunTime:0.000000s ]
INFO: [ app_init ] --END-- [ RunTime:0.001000s ]
INFO: [ app_begin ] --START--
INFO: Run Behavior\ReadHtmlCacheBehavior [ RunTime:0.002000s ]
INFO: [ app_begin ] --END-- [ RunTime:0.002000s ]

[ 2019-08-26T17:57:22+08:00 ] 127.0.0.1 /Backstage/index
INFO: [ app_init ] --START--
INFO: Run Behavior\BuildLiteBehavior [ RunTime:0.000000s ]
INFO: [ app_init ] --END-- [ RunTime:0.002000s ]
INFO: [ app_begin ] --START--
INFO: Run Behavior\ReadHtmlCacheBehavior [ RunTime:0.002000s ]
INFO: [ app_begin ] --END-- [ RunTime:0.002000s ]

[ 2019-08-26T17:57:29+08:00 ] 127.0.0.1 /Backstage/
INFO: [ app_init ] --START--
INFO: Run Behavior\BuildLiteBehavior [ RunTime:0.000000s ]
INFO: [ app_init ] --END-- [ RunTime:0.001000s ]
INFO: [ app_begin ] --START--
INFO: Run Behavior\ReadHtmlCacheBehavior [ RunTime:0.002000s ]
INFO: [ app_begin ] --END-- [ RunTime:0.002000s ]

[ 2019-08-26T17:58:27+08:00 ] 127.0.0.1 /Backstage/
INFO: [ app_init ] --START--
INFO: Run Behavior\BuildLiteBehavior [ RunTime:0.000000s ]
INFO: [ app_init ] --END-- [ RunTime:0.001000s ]
INFO: [ app_begin ] --START--
INFO: Run Behavior\ReadHtmlCacheBehavior [ RunTime:0.001000s ]
INFO: [ app_begin ] --END-- [ RunTime:0.001000s ]
INFO: [ view_parse ] --START--
INFO: [ template_filter ] --START--
INFO: Run Behavior\ContentReplaceBehavior [ RunTime:0.000000s ]
INFO: [ template_filter ] --END-- [ RunTime:0.001000s ]
INFO: Run Behavior\ParseTemplateBehavior [ RunTime:0.020000s ]
INFO: [ view_parse ] --END-- [ RunTime:0.020000s ]
INFO: [ view_filter ] --START--
INFO: Run Behavior\WriteHtmlCacheBehavior [ RunTime:0.001000s ]
INFO: [ view_filter ] --END-- [ RunTime:0.002000s ]
INFO: [ app_end ] --START--
INFO: Run Behavior\ShowPageTraceBehavior [ RunTime:0.001000s ]
INFO: [ app_end ] --END-- [ RunTime:0.003000s ]

[ 2019-08-26T17:58:27+08:00 ] 127.0.0.1 /Backstage/Index/menu.html
INFO: [ app_init ] --START--
INFO: Run Behavior\BuildLiteBehavior [ RunTime:0.000000s ]
INFO: [ app_init ] --END-- [ RunTime:0.001000s ]
INFO: [ app_begin ] --START--
INFO: Run Behavior\ReadHtmlCacheBehavior [ RunTime:0.002000s ]
INFO: [ app_begin ] --END-- [ RunTime:0.002000s ]
INFO: [ view_parse ] --START--
INFO: [ template_filter ] --START--
INFO: Run Behavior\ContentReplaceBehavior [ RunTime:0.000000s ]
INFO: [ template_filter ] --END-- [ RunTime:0.001000s ]
NOTIC: [8] Undefined variable: menu F:\code\myGitCodes\ebuy\Application\Runtime\Cache\Backstage\a6d22727453c3c38d75b435e3febfc49.php 第 67 行.
NOTIC: [8] Undefined variable: menu F:\code\myGitCodes\ebuy\Application\Runtime\Cache\Backstage\a6d22727453c3c38d75b435e3febfc49.php 第 67 行.
NOTIC: [8] Undefined variable: k F:\code\myGitCodes\ebuy\Application\Runtime\Cache\Backstage\a6d22727453c3c38d75b435e3febfc49.php 第 69 行.
NOTIC: [8] Undefined variable: menu F:\code\myGitCodes\ebuy\Application\Runtime\Cache\Backstage\a6d22727453c3c38d75b435e3febfc49.php 第 69 行.
NOTIC: [8] Undefined variable: menu F:\code\myGitCodes\ebuy\Application\Runtime\Cache\Backstage\a6d22727453c3c38d75b435e3febfc49.php 第 69 行.
NOTIC: [8] Undefined variable: menu F:\code\myGitCodes\ebuy\Application\Runtime\Cache\Backstage\a6d22727453c3c38d75b435e3febfc49.php 第 69 行.
NOTIC: [8] Undefined variable: menu F:\code\myGitCodes\ebuy\Application\Runtime\Cache\Backstage\a6d22727453c3c38d75b435e3febfc49.php 第 70 行.
NOTIC: [8] Undefined variable: menu F:\code\myGitCodes\ebuy\Application\Runtime\Cache\Backstage\a6d22727453c3c38d75b435e3febfc49.php 第 73 行.
NOTIC: [8] Undefined variable: key F:\code\myGitCodes\ebuy\Application\Runtime\Cache\Backstage\a6d22727453c3c38d75b435e3febfc49.php 第 76 行.
NOTIC: [8] Undefined variable: child F:\code\myGitCodes\ebuy\Application\Runtime\Cache\Backstage\a6d22727453c3c38d75b435e3febfc49.php 第 76 行.
NOTIC: [8] Undefined variable: child F:\code\myGitCodes\ebuy\Application\Runtime\Cache\Backstage\a6d22727453c3c38d75b435e3febfc49.php 第 76 行.
INFO: Run Behavior\ParseTemplateBehavior [ RunTime:0.043000s ]
INFO: [ view_parse ] --END-- [ RunTime:0.044000s ]
INFO: [ view_filter ] --START--
INFO: Run Behavior\WriteHtmlCacheBehavior [ RunTime:0.001000s ]
INFO: [ view_filter ] --END-- [ RunTime:0.001000s ]
INFO: [ app_end ] --START--
INFO: Run Behavior\ShowPageTraceBehavior [ RunTime:0.002000s ]
INFO: [ app_end ] --END-- [ RunTime:0.002000s ]

[ 2019-08-26T17:58:27+08:00 ] 127.0.0.1 /Backstage/Index/main.html
INFO: [ app_init ] --START--
INFO: Run Behavior\BuildLiteBehavior [ RunTime:0.000000s ]
INFO: [ app_init ] --END-- [ RunTime:0.002000s ]
INFO: [ app_begin ] --START--
INFO: Run Behavior\ReadHtmlCacheBehavior [ RunTime:0.002000s ]
INFO: [ app_begin ] --END-- [ RunTime:0.002000s ]
INFO: [ view_parse ] --START--
INFO: [ template_filter ] --START--
INFO: Run Behavior\ContentReplaceBehavior [ RunTime:0.000000s ]
INFO: [ template_filter ] --END-- [ RunTime:0.001000s ]
INFO: Run Behavior\ParseTemplateBehavior [ RunTime:0.026000s ]
INFO: [ view_parse ] --END-- [ RunTime:0.026000s ]
INFO: [ view_filter ] --START--
INFO: Run Behavior\WriteHtmlCacheBehavior [ RunTime:0.001000s ]
INFO: [ view_filter ] --END-- [ RunTime:0.001000s ]
INFO: [ app_end ] --START--
INFO: Run Behavior\ShowPageTraceBehavior [ RunTime:0.002000s ]
INFO: [ app_end ] --END-- [ RunTime:0.002000s ]

[ 2019-08-26T17:58:27+08:00 ] 127.0.0.1 /Backstage/Index/top.html
INFO: [ app_init ] --START--
INFO: Run Behavior\BuildLiteBehavior [ RunTime:0.001000s ]
INFO: [ app_init ] --END-- [ RunTime:0.002000s ]
INFO: [ app_begin ] --START--
INFO: Run Behavior\ReadHtmlCacheBehavior [ RunTime:0.002000s ]
INFO: [ app_begin ] --END-- [ RunTime:0.003000s ]
INFO: [ view_parse ] --START--
INFO: [ template_filter ] --START--
INFO: Run Behavior\ContentReplaceBehavior [ RunTime:0.000000s ]
INFO: [ template_filter ] --END-- [ RunTime:0.001000s ]
INFO: Run Behavior\ParseTemplateBehavior [ RunTime:0.030000s ]
INFO: [ view_parse ] --END-- [ RunTime:0.030000s ]
INFO: [ view_filter ] --START--
INFO: Run Behavior\WriteHtmlCacheBehavior [ RunTime:0.001000s ]
INFO: [ view_filter ] --END-- [ RunTime:0.002000s ]
INFO: [ app_end ] --START--
INFO: Run Behavior\ShowPageTraceBehavior [ RunTime:0.002000s ]
INFO: [ app_end ] --END-- [ RunTime:0.002000s ]

[ 2019-08-26T18:21:49+08:00 ] 127.0.0.1 /Backstage/
INFO: [ app_init ] --START--
INFO: Run Behavior\BuildLiteBehavior [ RunTime:0.001000s ]
INFO: [ app_init ] --END-- [ RunTime:0.002000s ]
INFO: [ app_begin ] --START--
INFO: Run Behavior\ReadHtmlCacheBehavior [ RunTime:0.002000s ]
INFO: [ app_begin ] --END-- [ RunTime:0.003000s ]

[ 2019-08-26T18:22:25+08:00 ] 127.0.0.1 /Backstage/
INFO: [ app_init ] --START--
INFO: Run Behavior\BuildLiteBehavior [ RunTime:0.000000s ]
INFO: [ app_init ] --END-- [ RunTime:0.002000s ]
INFO: [ app_begin ] --START--
INFO: Run Behavior\ReadHtmlCacheBehavior [ RunTime:0.002000s ]
INFO: [ app_begin ] --END-- [ RunTime:0.002000s ]
INFO: [ view_parse ] --START--
INFO: [ template_filter ] --START--
INFO: Run Behavior\ContentReplaceBehavior [ RunTime:0.000000s ]
INFO: [ template_filter ] --END-- [ RunTime:0.001000s ]
INFO: Run Behavior\ParseTemplateBehavior [ RunTime:0.023000s ]
INFO: [ view_parse ] --END-- [ RunTime:0.023000s ]
INFO: [ view_filter ] --START--
INFO: Run Behavior\WriteHtmlCacheBehavior [ RunTime:0.001000s ]
INFO: [ view_filter ] --END-- [ RunTime:0.002000s ]
INFO: [ app_end ] --START--
INFO: Run Behavior\ShowPageTraceBehavior [ RunTime:0.002000s ]
INFO: [ app_end ] --END-- [ RunTime:0.003000s ]

[ 2019-08-26T18:22:25+08:00 ] 127.0.0.1 /Backstage/Index/menu.html
INFO: [ app_init ] --START--
INFO: Run Behavior\BuildLiteBehavior [ RunTime:0.000000s ]
INFO: [ app_init ] --END-- [ RunTime:0.002000s ]
INFO: [ app_begin ] --START--
INFO: Run Behavior\ReadHtmlCacheBehavior [ RunTime:0.002000s ]
INFO: [ app_begin ] --END-- [ RunTime:0.002500s ]
INFO: [ view_parse ] --START--
INFO: [ template_filter ] --START--
INFO: Run Behavior\ContentReplaceBehavior [ RunTime:0.001000s ]
INFO: [ template_filter ] --END-- [ RunTime:0.003000s ]
NOTIC: [8] Undefined variable: menu F:\code\myGitCodes\ebuy\Application\Runtime\Cache\Backstage\a6d22727453c3c38d75b435e3febfc49.php 第 67 行.
NOTIC: [8] Undefined variable: menu F:\code\myGitCodes\ebuy\Application\Runtime\Cache\Backstage\a6d22727453c3c38d75b435e3febfc49.php 第 67 行.
NOTIC: [8] Undefined variable: k F:\code\myGitCodes\ebuy\Application\Runtime\Cache\Backstage\a6d22727453c3c38d75b435e3febfc49.php 第 69 行.
NOTIC: [8] Undefined variable: menu F:\code\myGitCodes\ebuy\Application\Runtime\Cache\Backstage\a6d22727453c3c38d75b435e3febfc49.php 第 69 行.
NOTIC: [8] Undefined variable: menu F:\code\myGitCodes\ebuy\Application\Runtime\Cache\Backstage\a6d22727453c3c38d75b435e3febfc49.php 第 69 行.
NOTIC: [8] Undefined variable: menu F:\code\myGitCodes\ebuy\Application\Runtime\Cache\Backstage\a6d22727453c3c38d75b435e3febfc49.php 第 69 行.
NOTIC: [8] Undefined variable: menu F:\code\myGitCodes\ebuy\Application\Runtime\Cache\Backstage\a6d22727453c3c38d75b435e3febfc49.php 第 70 行.
NOTIC: [8] Undefined variable: menu F:\code\myGitCodes\ebuy\Application\Runtime\Cache\Backstage\a6d22727453c3c38d75b435e3febfc49.php 第 73 行.
NOTIC: [8] Undefined variable: key F:\code\myGitCodes\ebuy\Application\Runtime\Cache\Backstage\a6d22727453c3c38d75b435e3febfc49.php 第 76 行.
NOTIC: [8] Undefined variable: child F:\code\myGitCodes\ebuy\Application\Runtime\Cache\Backstage\a6d22727453c3c38d75b435e3febfc49.php 第 76 行.
NOTIC: [8] Undefined variable: child F:\code\myGitCodes\ebuy\Application\Runtime\Cache\Backstage\a6d22727453c3c38d75b435e3febfc49.php 第 76 行.
INFO: Run Behavior\ParseTemplateBehavior [ RunTime:0.055500s ]
INFO: [ view_parse ] --END-- [ RunTime:0.055500s ]
INFO: [ view_filter ] --START--
INFO: Run Behavior\WriteHtmlCacheBehavior [ RunTime:0.001000s ]
INFO: [ view_filter ] --END-- [ RunTime:0.002000s ]
INFO: [ app_end ] --START--
INFO: Run Behavior\ShowPageTraceBehavior [ RunTime:0.001000s ]
INFO: [ app_end ] --END-- [ RunTime:0.002000s ]

[ 2019-08-26T18:22:25+08:00 ] 127.0.0.1 /Backstage/Index/main.html
INFO: [ app_init ] --START--
INFO: Run Behavior\BuildLiteBehavior [ RunTime:0.000000s ]
INFO: [ app_init ] --END-- [ RunTime:0.001500s ]
INFO: [ app_begin ] --START--
INFO: Run Behavior\ReadHtmlCacheBehavior [ RunTime:0.002000s ]
INFO: [ app_begin ] --END-- [ RunTime:0.002500s ]
INFO: [ view_parse ] --START--
INFO: [ template_filter ] --START--
INFO: Run Behavior\ContentReplaceBehavior [ RunTime:0.000000s ]
INFO: [ template_filter ] --END-- [ RunTime:0.001000s ]
INFO: Run Behavior\ParseTemplateBehavior [ RunTime:0.032000s ]
INFO: [ view_parse ] --END-- [ RunTime:0.032000s ]
INFO: [ view_filter ] --START--
INFO: Run Behavior\WriteHtmlCacheBehavior [ RunTime:0.001000s ]
INFO: [ view_filter ] --END-- [ RunTime:0.001000s ]
INFO: [ app_end ] --START--
INFO: Run Behavior\ShowPageTraceBehavior [ RunTime:0.002000s ]
INFO: [ app_end ] --END-- [ RunTime:0.002000s ]

[ 2019-08-26T18:22:25+08:00 ] 127.0.0.1 /Backstage/Index/top.html
INFO: [ app_init ] --START--
INFO: Run Behavior\BuildLiteBehavior [ RunTime:0.000500s ]
INFO: [ app_init ] --END-- [ RunTime:0.001500s ]
INFO: [ app_begin ] --START--
INFO: Run Behavior\ReadHtmlCacheBehavior [ RunTime:0.003000s ]
INFO: [ app_begin ] --END-- [ RunTime:0.005000s ]
INFO: [ view_parse ] --START--
INFO: [ template_filter ] --START--
INFO: Run Behavior\ContentReplaceBehavior [ RunTime:0.000000s ]
INFO: [ template_filter ] --END-- [ RunTime:0.000000s ]
INFO: Run Behavior\ParseTemplateBehavior [ RunTime:0.037000s ]
INFO: [ view_parse ] --END-- [ RunTime:0.039000s ]
INFO: [ view_filter ] --START--
INFO: Run Behavior\WriteHtmlCacheBehavior [ RunTime:0.002000s ]
INFO: [ view_filter ] --END-- [ RunTime:0.002000s ]
INFO: [ app_end ] --START--
INFO: Run Behavior\ShowPageTraceBehavior [ RunTime:0.002000s ]
INFO: [ app_end ] --END-- [ RunTime:0.002000s ]

[ 2019-08-26T21:58:57+08:00 ] 127.0.0.1 /Backstage/
INFO: [ app_init ] --START--
INFO: Run Behavior\BuildLiteBehavior [ RunTime:0.000000s ]
INFO: [ app_init ] --END-- [ RunTime:0.001000s ]
INFO: [ app_begin ] --START--
INFO: Run Behavior\ReadHtmlCacheBehavior [ RunTime:0.002000s ]
INFO: [ app_begin ] --END-- [ RunTime:0.002000s ]
INFO: [ view_parse ] --START--
INFO: [ template_filter ] --START--
INFO: Run Behavior\ContentReplaceBehavior [ RunTime:0.000000s ]
INFO: [ template_filter ] --END-- [ RunTime:0.001000s ]
INFO: Run Behavior\ParseTemplateBehavior [ RunTime:0.023000s ]
INFO: [ view_parse ] --END-- [ RunTime:0.024000s ]
INFO: [ view_filter ] --START--
INFO: Run Behavior\WriteHtmlCacheBehavior [ RunTime:0.001000s ]
INFO: [ view_filter ] --END-- [ RunTime:0.002000s ]
INFO: [ app_end ] --START--
INFO: Run Behavior\ShowPageTraceBehavior [ RunTime:0.002000s ]
INFO: [ app_end ] --END-- [ RunTime:0.002000s ]

[ 2019-08-26T21:58:57+08:00 ] 127.0.0.1 /Backstage/Index/menu.html
INFO: [ app_init ] --START--
INFO: Run Behavior\BuildLiteBehavior [ RunTime:0.000000s ]
INFO: [ app_init ] --END-- [ RunTime:0.003000s ]
INFO: [ app_begin ] --START--
INFO: Run Behavior\ReadHtmlCacheBehavior [ RunTime:0.002000s ]
INFO: [ app_begin ] --END-- [ RunTime:0.004000s ]
INFO: [ view_parse ] --START--
INFO: [ template_filter ] --START--
INFO: Run Behavior\ContentReplaceBehavior [ RunTime:0.001000s ]
INFO: [ template_filter ] --END-- [ RunTime:0.001000s ]
NOTIC: [8] Undefined variable: menu F:\code\myGitCodes\ebuy\Application\Runtime\Cache\Backstage\a6d22727453c3c38d75b435e3febfc49.php 第 67 行.
NOTIC: [8] Undefined variable: menu F:\code\myGitCodes\ebuy\Application\Runtime\Cache\Backstage\a6d22727453c3c38d75b435e3febfc49.php 第 67 行.
NOTIC: [8] Undefined variable: k F:\code\myGitCodes\ebuy\Application\Runtime\Cache\Backstage\a6d22727453c3c38d75b435e3febfc49.php 第 69 行.
NOTIC: [8] Undefined variable: menu F:\code\myGitCodes\ebuy\Application\Runtime\Cache\Backstage\a6d22727453c3c38d75b435e3febfc49.php 第 69 行.
NOTIC: [8] Undefined variable: menu F:\code\myGitCodes\ebuy\Application\Runtime\Cache\Backstage\a6d22727453c3c38d75b435e3febfc49.php 第 69 行.
NOTIC: [8] Undefined variable: menu F:\code\myGitCodes\ebuy\Application\Runtime\Cache\Backstage\a6d22727453c3c38d75b435e3febfc49.php 第 69 行.
NOTIC: [8] Undefined variable: menu F:\code\myGitCodes\ebuy\Application\Runtime\Cache\Backstage\a6d22727453c3c38d75b435e3febfc49.php 第 70 行.
NOTIC: [8] Undefined variable: menu F:\code\myGitCodes\ebuy\Application\Runtime\Cache\Backstage\a6d22727453c3c38d75b435e3febfc49.php 第 73 行.
NOTIC: [8] Undefined variable: key F:\code\myGitCodes\ebuy\Application\Runtime\Cache\Backstage\a6d22727453c3c38d75b435e3febfc49.php 第 76 行.
NOTIC: [8] Undefined variable: child F:\code\myGitCodes\ebuy\Application\Runtime\Cache\Backstage\a6d22727453c3c38d75b435e3febfc49.php 第 76 行.
NOTIC: [8] Undefined variable: child F:\code\myGitCodes\ebuy\Application\Runtime\Cache\Backstage\a6d22727453c3c38d75b435e3febfc49.php 第 76 行.
INFO: Run Behavior\ParseTemplateBehavior [ RunTime:0.049000s ]
INFO: [ view_parse ] --END-- [ RunTime:0.054500s ]
INFO: [ view_filter ] --START--
INFO: Run Behavior\WriteHtmlCacheBehavior [ RunTime:0.001000s ]
INFO: [ view_filter ] --END-- [ RunTime:0.001000s ]
INFO: [ app_end ] --START--
INFO: Run Behavior\ShowPageTraceBehavior [ RunTime:0.001000s ]
INFO: [ app_end ] --END-- [ RunTime:0.002000s ]

[ 2019-08-26T21:58:57+08:00 ] 127.0.0.1 /Backstage/Index/main.html
INFO: [ app_init ] --START--
INFO: Run Behavior\BuildLiteBehavior [ RunTime:0.000500s ]
INFO: [ app_init ] --END-- [ RunTime:0.002500s ]
INFO: [ app_begin ] --START--
INFO: Run Behavior\ReadHtmlCacheBehavior [ RunTime:0.002500s ]
INFO: [ app_begin ] --END-- [ RunTime:0.003500s ]
INFO: [ view_parse ] --START--
INFO: [ template_filter ] --START--
INFO: Run Behavior\ContentReplaceBehavior [ RunTime:0.000500s ]
INFO: [ template_filter ] --END-- [ RunTime:0.001500s ]
INFO: Run Behavior\ParseTemplateBehavior [ RunTime:0.033000s ]
INFO: [ view_parse ] --END-- [ RunTime:0.034000s ]
INFO: [ view_filter ] --START--
INFO: Run Behavior\WriteHtmlCacheBehavior [ RunTime:0.002000s ]
INFO: [ view_filter ] --END-- [ RunTime:0.002000s ]
INFO: [ app_end ] --START--
INFO: Run Behavior\ShowPageTraceBehavior [ RunTime:0.002500s ]
INFO: [ app_end ] --END-- [ RunTime:0.002500s ]

[ 2019-08-26T21:58:57+08:00 ] 127.0.0.1 /Backstage/Index/top.html
INFO: [ app_init ] --START--
INFO: Run Behavior\BuildLiteBehavior [ RunTime:0.000500s ]
INFO: [ app_init ] --END-- [ RunTime:0.006000s ]
INFO: [ app_begin ] --START--
INFO: Run Behavior\ReadHtmlCacheBehavior [ RunTime:0.002500s ]
INFO: [ app_begin ] --END-- [ RunTime:0.003000s ]
INFO: [ view_parse ] --START--
INFO: [ template_filter ] --START--
INFO: Run Behavior\ContentReplaceBehavior [ RunTime:0.000000s ]
INFO: [ template_filter ] --END-- [ RunTime:0.001000s ]
INFO: Run Behavior\ParseTemplateBehavior [ RunTime:0.041000s ]
INFO: [ view_parse ] --END-- [ RunTime:0.041500s ]
INFO: [ view_filter ] --START--
INFO: Run Behavior\WriteHtmlCacheBehavior [ RunTime:0.001500s ]
INFO: [ view_filter ] --END-- [ RunTime:0.002500s ]
INFO: [ app_end ] --START--
INFO: Run Behavior\ShowPageTraceBehavior [ RunTime:0.002000s ]
INFO: [ app_end ] --END-- [ RunTime:0.003000s ]

